[2022-11-19 12:57:04] request.INFO: Matched route "admin_module_manage". {"route":"admin_module_manage","route_parameters":{"category":null,"keyword":null,"_controller":"PrestaShopBundle\\Controller\\Admin\\Improve\\ModuleController::manageAction","_legacy_controller":"AdminModulesManage","_legacy_link":["AdminModulesManage","AdminModulesSf"],"_route":"admin_module_manage"},"request_uri":"http://127.0.0.1/prestashop/admin990d5icld/index.php/improve/modules/manage?_token=ear8HUefLQQMDw9ds5M-6hjB3X-9Xpp4Uq4o8egwHU4","method":"GET"} []
[2022-11-19 12:57:04] security.DEBUG: Read existing security token from the session. {"key":"_security_main","token_class":"Symfony\\Component\\Security\\Core\\Authentication\\Token\\UsernamePasswordToken"} []
[2022-11-19 12:57:04] security.DEBUG: User was reloaded from a user provider. {"provider":"PrestaShopBundle\\Security\\Admin\\EmployeeProvider","username":"ltairxaltezi@gmail.com"} []
[2022-11-19 12:57:04] app.ERROR: Data from PrestaShop Addons is invalid, and cannot fallback on cache. [] []
[2022-11-19 12:57:05] security.DEBUG: Stored the security token in the session. {"key":"_security_main"} []
[2022-11-19 12:57:05] request.INFO: Matched route "admin_module_notification_count". {"route":"admin_module_notification_count","route_parameters":{"_controller":"PrestaShopBundle\\Controller\\Admin\\Improve\\Modules\\AlertsController::notificationsCountAction","_legacy_controller":"AdminModulesNotifications","_legacy_link":"AdminModulesNotifications:count","_route":"admin_module_notification_count"},"request_uri":"http://127.0.0.1/prestashop/admin990d5icld/index.php/improve/modules/alerts/count?_token=ear8HUefLQQMDw9ds5M-6hjB3X-9Xpp4Uq4o8egwHU4","method":"GET"} []
[2022-11-19 12:57:05] security.DEBUG: Read existing security token from the session. {"key":"_security_main","token_class":"Symfony\\Component\\Security\\Core\\Authentication\\Token\\UsernamePasswordToken"} []
[2022-11-19 12:57:05] security.DEBUG: User was reloaded from a user provider. {"provider":"PrestaShopBundle\\Security\\Admin\\EmployeeProvider","username":"ltairxaltezi@gmail.com"} []
[2022-11-19 12:57:05] app.ERROR: Data from PrestaShop Addons is invalid, and cannot fallback on cache. [] []
[2022-11-19 12:57:05] security.DEBUG: Stored the security token in the session. {"key":"_security_main"} []
[2022-11-19 12:57:37] request.INFO: Matched route "admin_link_block_list". {"route":"admin_link_block_list","route_parameters":{"_controller":"PrestaShop\\Module\\LinkList\\Controller\\Admin\\Improve\\Design\\LinkBlockController::listAction","_legacy_controller":"AdminLinkWidget","_legacy_link":"AdminLinkWidget","_route":"admin_link_block_list"},"request_uri":"http://127.0.0.1/prestashop/admin990d5icld/index.php/modules/link-widget/list?_token=ear8HUefLQQMDw9ds5M-6hjB3X-9Xpp4Uq4o8egwHU4","method":"GET"} []
[2022-11-19 12:57:37] security.DEBUG: Read existing security token from the session. {"key":"_security_main","token_class":"Symfony\\Component\\Security\\Core\\Authentication\\Token\\UsernamePasswordToken"} []
[2022-11-19 12:57:37] security.DEBUG: User was reloaded from a user provider. {"provider":"PrestaShopBundle\\Security\\Admin\\EmployeeProvider","username":"ltairxaltezi@gmail.com"} []
[2022-11-19 12:57:37] app.ERROR: Data from PrestaShop Addons is invalid, and cannot fallback on cache. [] []
[2022-11-19 12:57:37] security.DEBUG: Stored the security token in the session. {"key":"_security_main"} []
[2022-11-19 12:57:58] request.INFO: Matched route "admin_link_block_edit". {"route":"admin_link_block_edit","route_parameters":{"_controller":"PrestaShop\\Module\\LinkList\\Controller\\Admin\\Improve\\Design\\LinkBlockController::editAction","_legacy_controller":"AdminLinkWidget","linkBlockId":"3","_route":"admin_link_block_edit"},"request_uri":"http://127.0.0.1/prestashop/admin990d5icld/index.php/modules/link-widget/edit/3?_token=ear8HUefLQQMDw9ds5M-6hjB3X-9Xpp4Uq4o8egwHU4","method":"GET"} []
[2022-11-19 12:57:58] security.DEBUG: Read existing security token from the session. {"key":"_security_main","token_class":"Symfony\\Component\\Security\\Core\\Authentication\\Token\\UsernamePasswordToken"} []
[2022-11-19 12:57:58] security.DEBUG: User was reloaded from a user provider. {"provider":"PrestaShopBundle\\Security\\Admin\\EmployeeProvider","username":"ltairxaltezi@gmail.com"} []
[2022-11-19 12:57:58] app.ERROR: Data from PrestaShop Addons is invalid, and cannot fallback on cache. [] []
[2022-11-19 12:57:58] security.DEBUG: Stored the security token in the session. {"key":"_security_main"} []
[2022-11-19 12:58:30] request.INFO: Matched route "admin_link_block_delete". {"route":"admin_link_block_delete","route_parameters":{"_controller":"PrestaShop\\Module\\LinkList\\Controller\\Admin\\Improve\\Design\\LinkBlockController::deleteAction","_legacy_controller":"AdminLinkWidget","linkBlockId":"3","_route":"admin_link_block_delete"},"request_uri":"http://127.0.0.1/prestashop/admin990d5icld/index.php/modules/link-widget/delete/3?_token=ear8HUefLQQMDw9ds5M-6hjB3X-9Xpp4Uq4o8egwHU4","method":"POST"} []
[2022-11-19 12:58:30] security.DEBUG: Read existing security token from the session. {"key":"_security_main","token_class":"Symfony\\Component\\Security\\Core\\Authentication\\Token\\UsernamePasswordToken"} []
[2022-11-19 12:58:30] security.DEBUG: User was reloaded from a user provider. {"provider":"PrestaShopBundle\\Security\\Admin\\EmployeeProvider","username":"ltairxaltezi@gmail.com"} []
[2022-11-19 12:58:30] app.ERROR: Data from PrestaShop Addons is invalid, and cannot fallback on cache. [] []
[2022-11-19 12:58:31] security.DEBUG: Stored the security token in the session. {"key":"_security_main"} []
[2022-11-19 12:58:31] request.INFO: Matched route "admin_link_block_list". {"route":"admin_link_block_list","route_parameters":{"_controller":"PrestaShop\\Module\\LinkList\\Controller\\Admin\\Improve\\Design\\LinkBlockController::listAction","_legacy_controller":"AdminLinkWidget","_legacy_link":"AdminLinkWidget","_route":"admin_link_block_list"},"request_uri":"http://127.0.0.1/prestashop/admin990d5icld/index.php/modules/link-widget/list?_token=ear8HUefLQQMDw9ds5M-6hjB3X-9Xpp4Uq4o8egwHU4","method":"GET"} []
[2022-11-19 12:58:31] security.DEBUG: Read existing security token from the session. {"key":"_security_main","token_class":"Symfony\\Component\\Security\\Core\\Authentication\\Token\\UsernamePasswordToken"} []
[2022-11-19 12:58:31] security.DEBUG: User was reloaded from a user provider. {"provider":"PrestaShopBundle\\Security\\Admin\\EmployeeProvider","username":"ltairxaltezi@gmail.com"} []
[2022-11-19 12:58:31] app.ERROR: Data from PrestaShop Addons is invalid, and cannot fallback on cache. [] []
[2022-11-19 12:58:31] security.DEBUG: Stored the security token in the session. {"key":"_security_main"} []
[2022-11-19 13:29:01] request.INFO: Matched route "admin_module_manage". {"route":"admin_module_manage","route_parameters":{"category":null,"keyword":null,"_controller":"PrestaShopBundle\\Controller\\Admin\\Improve\\ModuleController::manageAction","_legacy_controller":"AdminModulesManage","_legacy_link":["AdminModulesManage","AdminModulesSf"],"_route":"admin_module_manage"},"request_uri":"http://127.0.0.1/prestashop/admin990d5icld/index.php/improve/modules/manage?_token=ear8HUefLQQMDw9ds5M-6hjB3X-9Xpp4Uq4o8egwHU4","method":"GET"} []
[2022-11-19 13:29:01] security.DEBUG: Read existing security token from the session. {"key":"_security_main","token_class":"Symfony\\Component\\Security\\Core\\Authentication\\Token\\UsernamePasswordToken"} []
[2022-11-19 13:29:01] security.DEBUG: User was reloaded from a user provider. {"provider":"PrestaShopBundle\\Security\\Admin\\EmployeeProvider","username":"ltairxaltezi@gmail.com"} []
[2022-11-19 13:29:01] app.ERROR: Data from PrestaShop Addons is invalid, and cannot fallback on cache. [] []
[2022-11-19 13:29:01] security.DEBUG: Stored the security token in the session. {"key":"_security_main"} []
[2022-11-19 13:29:01] request.INFO: Matched route "admin_module_notification_count". {"route":"admin_module_notification_count","route_parameters":{"_controller":"PrestaShopBundle\\Controller\\Admin\\Improve\\Modules\\AlertsController::notificationsCountAction","_legacy_controller":"AdminModulesNotifications","_legacy_link":"AdminModulesNotifications:count","_route":"admin_module_notification_count"},"request_uri":"http://127.0.0.1/prestashop/admin990d5icld/index.php/improve/modules/alerts/count?_token=ear8HUefLQQMDw9ds5M-6hjB3X-9Xpp4Uq4o8egwHU4","method":"GET"} []
[2022-11-19 13:29:01] security.DEBUG: Read existing security token from the session. {"key":"_security_main","token_class":"Symfony\\Component\\Security\\Core\\Authentication\\Token\\UsernamePasswordToken"} []
[2022-11-19 13:29:01] security.DEBUG: User was reloaded from a user provider. {"provider":"PrestaShopBundle\\Security\\Admin\\EmployeeProvider","username":"ltairxaltezi@gmail.com"} []
[2022-11-19 13:29:01] app.ERROR: Data from PrestaShop Addons is invalid, and cannot fallback on cache. [] []
[2022-11-19 13:29:02] security.DEBUG: Stored the security token in the session. {"key":"_security_main"} []
[2022-11-19 13:48:42] request.INFO: Matched route "admin_module_manage". {"route":"admin_module_manage","route_parameters":{"category":null,"keyword":null,"_controller":"PrestaShopBundle\\Controller\\Admin\\Improve\\ModuleController::manageAction","_legacy_controller":"AdminModulesManage","_legacy_link":["AdminModulesManage","AdminModulesSf"],"_route":"admin_module_manage"},"request_uri":"http://127.0.0.1/prestashop/admin990d5icld/index.php/improve/modules/manage?_token=ear8HUefLQQMDw9ds5M-6hjB3X-9Xpp4Uq4o8egwHU4","method":"GET"} []
[2022-11-19 13:48:42] security.DEBUG: Read existing security token from the session. {"key":"_security_main","token_class":"Symfony\\Component\\Security\\Core\\Authentication\\Token\\UsernamePasswordToken"} []
[2022-11-19 13:48:42] security.DEBUG: User was reloaded from a user provider. {"provider":"PrestaShopBundle\\Security\\Admin\\EmployeeProvider","username":"ltairxaltezi@gmail.com"} []
[2022-11-19 13:48:42] app.ERROR: Data from PrestaShop Addons is invalid, and cannot fallback on cache. [] []
[2022-11-19 13:48:42] security.DEBUG: Stored the security token in the session. {"key":"_security_main"} []
[2022-11-19 13:48:43] request.INFO: Matched route "admin_module_notification_count". {"route":"admin_module_notification_count","route_parameters":{"_controller":"PrestaShopBundle\\Controller\\Admin\\Improve\\Modules\\AlertsController::notificationsCountAction","_legacy_controller":"AdminModulesNotifications","_legacy_link":"AdminModulesNotifications:count","_route":"admin_module_notification_count"},"request_uri":"http://127.0.0.1/prestashop/admin990d5icld/index.php/improve/modules/alerts/count?_token=ear8HUefLQQMDw9ds5M-6hjB3X-9Xpp4Uq4o8egwHU4","method":"GET"} []
[2022-11-19 13:48:43] security.DEBUG: Read existing security token from the session. {"key":"_security_main","token_class":"Symfony\\Component\\Security\\Core\\Authentication\\Token\\UsernamePasswordToken"} []
[2022-11-19 13:48:43] security.DEBUG: User was reloaded from a user provider. {"provider":"PrestaShopBundle\\Security\\Admin\\EmployeeProvider","username":"ltairxaltezi@gmail.com"} []
[2022-11-19 13:48:43] app.ERROR: Data from PrestaShop Addons is invalid, and cannot fallback on cache. [] []
[2022-11-19 13:48:43] security.DEBUG: Stored the security token in the session. {"key":"_security_main"} []
[2022-11-19 13:53:51] request.INFO: Matched route "admin_product_form". {"route":"admin_product_form","route_parameters":{"_controller":"PrestaShopBundle\\Controller\\Admin\\ProductController::formAction","_legacy_controller":"AdminProducts","_legacy_param_mapper_class":"PrestaShop\\PrestaShop\\Adapter\\Product\\AdminProductDataProvider","_legacy_param_mapper_method":"mapLegacyParametersProductForm","id":"21","_route":"admin_product_form"},"request_uri":"http://127.0.0.1/prestashop/admin990d5icld/index.php/sell/catalog/products/21?_token=ear8HUefLQQMDw9ds5M-6hjB3X-9Xpp4Uq4o8egwHU4","method":"GET"} []
[2022-11-19 13:53:51] security.DEBUG: Read existing security token from the session. {"key":"_security_main","token_class":"Symfony\\Component\\Security\\Core\\Authentication\\Token\\UsernamePasswordToken"} []
[2022-11-19 13:53:51] security.DEBUG: User was reloaded from a user provider. {"provider":"PrestaShopBundle\\Security\\Admin\\EmployeeProvider","username":"ltairxaltezi@gmail.com"} []
[2022-11-19 13:53:51] app.ERROR: Data from PrestaShop Addons is invalid, and cannot fallback on cache. [] []
[2022-11-19 13:53:51] security.DEBUG: Stored the security token in the session. {"key":"_security_main"} []
[2022-11-19 13:57:12] request.INFO: Matched route "admin_product_form". {"route":"admin_product_form","route_parameters":{"_controller":"PrestaShopBundle\\Controller\\Admin\\ProductController::formAction","_legacy_controller":"AdminProducts","_legacy_param_mapper_class":"PrestaShop\\PrestaShop\\Adapter\\Product\\AdminProductDataProvider","_legacy_param_mapper_method":"mapLegacyParametersProductForm","id":"19","_route":"admin_product_form"},"request_uri":"http://127.0.0.1/prestashop/admin990d5icld/index.php/sell/catalog/products/19?_token=ear8HUefLQQMDw9ds5M-6hjB3X-9Xpp4Uq4o8egwHU4","method":"GET"} []
[2022-11-19 13:57:12] security.DEBUG: Read existing security token from the session. {"key":"_security_main","token_class":"Symfony\\Component\\Security\\Core\\Authentication\\Token\\UsernamePasswordToken"} []
[2022-11-19 13:57:12] security.DEBUG: User was reloaded from a user provider. {"provider":"PrestaShopBundle\\Security\\Admin\\EmployeeProvider","username":"ltairxaltezi@gmail.com"} []
[2022-11-19 13:57:13] app.ERROR: Data from PrestaShop Addons is invalid, and cannot fallback on cache. [] []
[2022-11-19 13:57:13] security.DEBUG: Stored the security token in the session. {"key":"_security_main"} []
[2022-11-19 14:03:24] request.INFO: Matched route "admin_module_catalog_refresh". {"route":"admin_module_catalog_refresh","route_parameters":{"category":null,"keyword":null,"_controller":"PrestaShopBundle\\Controller\\Admin\\Improve\\ModuleController::refreshCatalogAction","_legacy_controller":"AdminModulesCatalog","_legacy_link":"AdminModulesCatalog:refresh","_route":"admin_module_catalog_refresh"},"request_uri":"http://127.0.0.1/prestashop/admin990d5icld/index.php/improve/modules/catalog/refresh?_token=ear8HUefLQQMDw9ds5M-6hjB3X-9Xpp4Uq4o8egwHU4","method":"GET"} []
[2022-11-19 14:03:24] security.DEBUG: Read existing security token from the session. {"key":"_security_main","token_class":"Symfony\\Component\\Security\\Core\\Authentication\\Token\\UsernamePasswordToken"} []
[2022-11-19 14:03:24] security.DEBUG: User was reloaded from a user provider. {"provider":"PrestaShopBundle\\Security\\Admin\\EmployeeProvider","username":"ltairxaltezi@gmail.com"} []
[2022-11-19 14:03:24] app.ERROR: Data from PrestaShop Addons is invalid, and cannot fallback on cache. [] []
[2022-11-19 14:03:24] security.DEBUG: Stored the security token in the session. {"key":"_security_main"} []
[2022-11-19 14:03:24] request.INFO: Matched route "admin_module_notification_count". {"route":"admin_module_notification_count","route_parameters":{"_controller":"PrestaShopBundle\\Controller\\Admin\\Improve\\Modules\\AlertsController::notificationsCountAction","_legacy_controller":"AdminModulesNotifications","_legacy_link":"AdminModulesNotifications:count","_route":"admin_module_notification_count"},"request_uri":"http://127.0.0.1/prestashop/admin990d5icld/index.php/improve/modules/alerts/count?_token=ear8HUefLQQMDw9ds5M-6hjB3X-9Xpp4Uq4o8egwHU4","method":"GET"} []
[2022-11-19 14:03:24] security.DEBUG: Read existing security token from the session. {"key":"_security_main","token_class":"Symfony\\Component\\Security\\Core\\Authentication\\Token\\UsernamePasswordToken"} []
[2022-11-19 14:03:24] security.DEBUG: User was reloaded from a user provider. {"provider":"PrestaShopBundle\\Security\\Admin\\EmployeeProvider","username":"ltairxaltezi@gmail.com"} []
[2022-11-19 14:03:24] app.ERROR: Data from PrestaShop Addons is invalid, and cannot fallback on cache. [] []
[2022-11-19 14:03:24] security.DEBUG: Stored the security token in the session. {"key":"_security_main"} []
[2022-11-19 14:03:39] request.INFO: Matched route "admin_module_manage". {"route":"admin_module_manage","route_parameters":{"category":null,"keyword":null,"_controller":"PrestaShopBundle\\Controller\\Admin\\Improve\\ModuleController::manageAction","_legacy_controller":"AdminModulesManage","_legacy_link":["AdminModulesManage","AdminModulesSf"],"_route":"admin_module_manage"},"request_uri":"http://127.0.0.1/prestashop/admin990d5icld/index.php/improve/modules/manage?_token=ear8HUefLQQMDw9ds5M-6hjB3X-9Xpp4Uq4o8egwHU4","method":"GET"} []
[2022-11-19 14:03:39] security.DEBUG: Read existing security token from the session. {"key":"_security_main","token_class":"Symfony\\Component\\Security\\Core\\Authentication\\Token\\UsernamePasswordToken"} []
[2022-11-19 14:03:39] security.DEBUG: User was reloaded from a user provider. {"provider":"PrestaShopBundle\\Security\\Admin\\EmployeeProvider","username":"ltairxaltezi@gmail.com"} []
[2022-11-19 14:03:39] app.ERROR: Data from PrestaShop Addons is invalid, and cannot fallback on cache. [] []
[2022-11-19 14:03:39] security.DEBUG: Stored the security token in the session. {"key":"_security_main"} []
[2022-11-19 14:03:39] request.INFO: Matched route "admin_module_notification_count". {"route":"admin_module_notification_count","route_parameters":{"_controller":"PrestaShopBundle\\Controller\\Admin\\Improve\\Modules\\AlertsController::notificationsCountAction","_legacy_controller":"AdminModulesNotifications","_legacy_link":"AdminModulesNotifications:count","_route":"admin_module_notification_count"},"request_uri":"http://127.0.0.1/prestashop/admin990d5icld/index.php/improve/modules/alerts/count?_token=ear8HUefLQQMDw9ds5M-6hjB3X-9Xpp4Uq4o8egwHU4","method":"GET"} []
[2022-11-19 14:03:39] security.DEBUG: Read existing security token from the session. {"key":"_security_main","token_class":"Symfony\\Component\\Security\\Core\\Authentication\\Token\\UsernamePasswordToken"} []
[2022-11-19 14:03:39] security.DEBUG: User was reloaded from a user provider. {"provider":"PrestaShopBundle\\Security\\Admin\\EmployeeProvider","username":"ltairxaltezi@gmail.com"} []
[2022-11-19 14:03:40] app.ERROR: Data from PrestaShop Addons is invalid, and cannot fallback on cache. [] []
[2022-11-19 14:03:40] security.DEBUG: Stored the security token in the session. {"key":"_security_main"} []
[2022-11-22 11:36:15] request.INFO: Matched route "admin_product_form". {"route":"admin_product_form","route_parameters":{"_controller":"PrestaShopBundle\\Controller\\Admin\\ProductController::formAction","_legacy_controller":"AdminProducts","_legacy_param_mapper_class":"PrestaShop\\PrestaShop\\Adapter\\Product\\AdminProductDataProvider","_legacy_param_mapper_method":"mapLegacyParametersProductForm","id":"1","_route":"admin_product_form"},"request_uri":"http://127.0.0.1/prestashop/admin990d5icld/index.php/sell/catalog/products/1?_token=SUZoY_2ZTFY-KxskUQdx47lDARroyt8Q5HLb9fHrw70","method":"GET"} []
[2022-11-22 11:36:15] security.DEBUG: Read existing security token from the session. {"key":"_security_main","token_class":"Symfony\\Component\\Security\\Core\\Authentication\\Token\\UsernamePasswordToken"} []
[2022-11-22 11:36:15] security.DEBUG: User was reloaded from a user provider. {"provider":"PrestaShopBundle\\Security\\Admin\\EmployeeProvider","username":"ltairxaltezi@gmail.com"} []
[2022-11-22 11:36:16] app.ERROR: Data from PrestaShop Addons is invalid, and cannot fallback on cache. [] []
[2022-11-22 11:36:16] security.DEBUG: Stored the security token in the session. {"key":"_security_main"} []
[2022-11-22 11:38:17] request.INFO: Matched route "admin_module_manage". {"route":"admin_module_manage","route_parameters":{"category":null,"keyword":null,"_controller":"PrestaShopBundle\\Controller\\Admin\\Improve\\ModuleController::manageAction","_legacy_controller":"AdminModulesManage","_legacy_link":["AdminModulesManage","AdminModulesSf"],"_route":"admin_module_manage"},"request_uri":"http://127.0.0.1/prestashop/admin990d5icld/index.php/improve/modules/manage?_token=SUZoY_2ZTFY-KxskUQdx47lDARroyt8Q5HLb9fHrw70","method":"GET"} []
[2022-11-22 11:38:17] security.DEBUG: Read existing security token from the session. {"key":"_security_main","token_class":"Symfony\\Component\\Security\\Core\\Authentication\\Token\\UsernamePasswordToken"} []
[2022-11-22 11:38:17] security.DEBUG: User was reloaded from a user provider. {"provider":"PrestaShopBundle\\Security\\Admin\\EmployeeProvider","username":"ltairxaltezi@gmail.com"} []
[2022-11-22 11:38:17] app.ERROR: Data from PrestaShop Addons is invalid, and cannot fallback on cache. [] []
[2022-11-22 11:38:17] security.DEBUG: Stored the security token in the session. {"key":"_security_main"} []
[2022-11-22 11:38:18] request.INFO: Matched route "admin_module_notification_count". {"route":"admin_module_notification_count","route_parameters":{"_controller":"PrestaShopBundle\\Controller\\Admin\\Improve\\Modules\\AlertsController::notificationsCountAction","_legacy_controller":"AdminModulesNotifications","_legacy_link":"AdminModulesNotifications:count","_route":"admin_module_notification_count"},"request_uri":"http://127.0.0.1/prestashop/admin990d5icld/index.php/improve/modules/alerts/count?_token=SUZoY_2ZTFY-KxskUQdx47lDARroyt8Q5HLb9fHrw70","method":"GET"} []
[2022-11-22 11:38:18] security.DEBUG: Read existing security token from the session. {"key":"_security_main","token_class":"Symfony\\Component\\Security\\Core\\Authentication\\Token\\UsernamePasswordToken"} []
[2022-11-22 11:38:18] security.DEBUG: User was reloaded from a user provider. {"provider":"PrestaShopBundle\\Security\\Admin\\EmployeeProvider","username":"ltairxaltezi@gmail.com"} []
[2022-11-22 11:38:18] app.ERROR: Data from PrestaShop Addons is invalid, and cannot fallback on cache. [] []
[2022-11-22 11:38:18] security.DEBUG: Stored the security token in the session. {"key":"_security_main"} []
[2022-11-22 11:38:41] request.INFO: Matched route "admin_module_configure_action". {"route":"admin_module_configure_action","route_parameters":{"_controller":"PrestaShopBundle\\Controller\\Admin\\Improve\\ModuleController::configureModuleAction","_legacy_controller":"AdminModules","module_name":"blockreassurance","_route":"admin_module_configure_action"},"request_uri":"http://127.0.0.1/prestashop/admin990d5icld/index.php/improve/modules/manage/action/configure/blockreassurance?_token=SUZoY_2ZTFY-KxskUQdx47lDARroyt8Q5HLb9fHrw70","method":"GET"} []
[2022-11-22 11:38:41] security.DEBUG: Read existing security token from the session. {"key":"_security_main","token_class":"Symfony\\Component\\Security\\Core\\Authentication\\Token\\UsernamePasswordToken"} []
[2022-11-22 11:38:41] security.DEBUG: User was reloaded from a user provider. {"provider":"PrestaShopBundle\\Security\\Admin\\EmployeeProvider","username":"ltairxaltezi@gmail.com"} []
[2022-11-22 11:38:41] app.ERROR: Data from PrestaShop Addons is invalid, and cannot fallback on cache. [] []
[2022-11-22 11:38:42] security.DEBUG: Stored the security token in the session. {"key":"_security_main"} []
[2022-11-22 11:46:06] request.INFO: Matched route "admin_module_manage". {"route":"admin_module_manage","route_parameters":{"category":null,"keyword":null,"_controller":"PrestaShopBundle\\Controller\\Admin\\Improve\\ModuleController::manageAction","_legacy_controller":"AdminModulesManage","_legacy_link":["AdminModulesManage","AdminModulesSf"],"_route":"admin_module_manage"},"request_uri":"http://127.0.0.1/prestashop/admin990d5icld/index.php/improve/modules/manage?_token=SUZoY_2ZTFY-KxskUQdx47lDARroyt8Q5HLb9fHrw70","method":"GET"} []
[2022-11-22 11:46:06] security.DEBUG: Read existing security token from the session. {"key":"_security_main","token_class":"Symfony\\Component\\Security\\Core\\Authentication\\Token\\UsernamePasswordToken"} []
[2022-11-22 11:46:06] security.DEBUG: User was reloaded from a user provider. {"provider":"PrestaShopBundle\\Security\\Admin\\EmployeeProvider","username":"ltairxaltezi@gmail.com"} []
[2022-11-22 11:46:06] app.ERROR: Data from PrestaShop Addons is invalid, and cannot fallback on cache. [] []
[2022-11-22 11:46:06] security.DEBUG: Stored the security token in the session. {"key":"_security_main"} []
[2022-11-22 11:46:07] request.INFO: Matched route "admin_module_notification_count". {"route":"admin_module_notification_count","route_parameters":{"_controller":"PrestaShopBundle\\Controller\\Admin\\Improve\\Modules\\AlertsController::notificationsCountAction","_legacy_controller":"AdminModulesNotifications","_legacy_link":"AdminModulesNotifications:count","_route":"admin_module_notification_count"},"request_uri":"http://127.0.0.1/prestashop/admin990d5icld/index.php/improve/modules/alerts/count?_token=SUZoY_2ZTFY-KxskUQdx47lDARroyt8Q5HLb9fHrw70","method":"GET"} []
[2022-11-22 11:46:07] security.DEBUG: Read existing security token from the session. {"key":"_security_main","token_class":"Symfony\\Component\\Security\\Core\\Authentication\\Token\\UsernamePasswordToken"} []
[2022-11-22 11:46:07] security.DEBUG: User was reloaded from a user provider. {"provider":"PrestaShopBundle\\Security\\Admin\\EmployeeProvider","username":"ltairxaltezi@gmail.com"} []
[2022-11-22 11:46:07] app.ERROR: Data from PrestaShop Addons is invalid, and cannot fallback on cache. [] []
[2022-11-22 11:46:07] security.DEBUG: Stored the security token in the session. {"key":"_security_main"} []
[2022-11-22 11:46:37] request.INFO: Matched route "admin_module_manage_action". {"route":"admin_module_manage_action","route_parameters":{"_controller":"PrestaShopBundle\\Controller\\Admin\\Improve\\ModuleController::moduleAction","action":"disable","module_name":"blockreassurance","_route":"admin_module_manage_action"},"request_uri":"http://127.0.0.1/prestashop/admin990d5icld/index.php/improve/modules/manage/action/disable/blockreassurance?_token=SUZoY_2ZTFY-KxskUQdx47lDARroyt8Q5HLb9fHrw70","method":"POST"} []
[2022-11-22 11:46:37] security.DEBUG: Read existing security token from the session. {"key":"_security_main","token_class":"Symfony\\Component\\Security\\Core\\Authentication\\Token\\UsernamePasswordToken"} []
[2022-11-22 11:46:37] security.DEBUG: User was reloaded from a user provider. {"provider":"PrestaShopBundle\\Security\\Admin\\EmployeeProvider","username":"ltairxaltezi@gmail.com"} []
[2022-11-22 11:46:37] app.ERROR: Data from PrestaShop Addons is invalid, and cannot fallback on cache. [] []
[2022-11-22 11:46:37] security.DEBUG: Stored the security token in the session. {"key":"_security_main"} []
[2022-11-22 11:50:08] request.INFO: Matched route "admin_module_manage". {"route":"admin_module_manage","route_parameters":{"category":null,"keyword":null,"_controller":"PrestaShopBundle\\Controller\\Admin\\Improve\\ModuleController::manageAction","_legacy_controller":"AdminModulesManage","_legacy_link":["AdminModulesManage","AdminModulesSf"],"_route":"admin_module_manage"},"request_uri":"http://127.0.0.1/prestashop/admin990d5icld/index.php/improve/modules/manage?_token=SUZoY_2ZTFY-KxskUQdx47lDARroyt8Q5HLb9fHrw70","method":"GET"} []
[2022-11-22 11:50:08] security.DEBUG: Read existing security token from the session. {"key":"_security_main","token_class":"Symfony\\Component\\Security\\Core\\Authentication\\Token\\UsernamePasswordToken"} []
[2022-11-22 11:50:08] security.DEBUG: User was reloaded from a user provider. {"provider":"PrestaShopBundle\\Security\\Admin\\EmployeeProvider","username":"ltairxaltezi@gmail.com"} []
[2022-11-22 11:50:08] app.ERROR: Data from PrestaShop Addons is invalid, and cannot fallback on cache. [] []
[2022-11-22 11:50:08] security.DEBUG: Stored the security token in the session. {"key":"_security_main"} []
[2022-11-22 11:50:08] request.INFO: Matched route "admin_module_notification_count". {"route":"admin_module_notification_count","route_parameters":{"_controller":"PrestaShopBundle\\Controller\\Admin\\Improve\\Modules\\AlertsController::notificationsCountAction","_legacy_controller":"AdminModulesNotifications","_legacy_link":"AdminModulesNotifications:count","_route":"admin_module_notification_count"},"request_uri":"http://127.0.0.1/prestashop/admin990d5icld/index.php/improve/modules/alerts/count?_token=SUZoY_2ZTFY-KxskUQdx47lDARroyt8Q5HLb9fHrw70","method":"GET"} []
[2022-11-22 11:50:08] security.DEBUG: Read existing security token from the session. {"key":"_security_main","token_class":"Symfony\\Component\\Security\\Core\\Authentication\\Token\\UsernamePasswordToken"} []
[2022-11-22 11:50:08] security.DEBUG: User was reloaded from a user provider. {"provider":"PrestaShopBundle\\Security\\Admin\\EmployeeProvider","username":"ltairxaltezi@gmail.com"} []
[2022-11-22 11:50:08] app.ERROR: Data from PrestaShop Addons is invalid, and cannot fallback on cache. [] []
[2022-11-22 11:50:08] security.DEBUG: Stored the security token in the session. {"key":"_security_main"} []
[2022-11-22 11:51:32] request.INFO: Matched route "admin_product_form". {"route":"admin_product_form","route_parameters":{"_controller":"PrestaShopBundle\\Controller\\Admin\\ProductController::formAction","_legacy_controller":"AdminProducts","_legacy_param_mapper_class":"PrestaShop\\PrestaShop\\Adapter\\Product\\AdminProductDataProvider","_legacy_param_mapper_method":"mapLegacyParametersProductForm","id":"1","_route":"admin_product_form"},"request_uri":"http://127.0.0.1/prestashop/admin990d5icld/index.php/sell/catalog/products/1?_token=SUZoY_2ZTFY-KxskUQdx47lDARroyt8Q5HLb9fHrw70","method":"GET"} []
[2022-11-22 11:51:32] security.DEBUG: Read existing security token from the session. {"key":"_security_main","token_class":"Symfony\\Component\\Security\\Core\\Authentication\\Token\\UsernamePasswordToken"} []
[2022-11-22 11:51:32] security.DEBUG: User was reloaded from a user provider. {"provider":"PrestaShopBundle\\Security\\Admin\\EmployeeProvider","username":"ltairxaltezi@gmail.com"} []
[2022-11-22 11:51:32] app.ERROR: Data from PrestaShop Addons is invalid, and cannot fallback on cache. [] []
[2022-11-22 11:51:32] security.DEBUG: Stored the security token in the session. {"key":"_security_main"} []
[2022-11-22 11:53:11] request.INFO: Matched route "admin_product_form". {"route":"admin_product_form","route_parameters":{"_controller":"PrestaShopBundle\\Controller\\Admin\\ProductController::formAction","_legacy_controller":"AdminProducts","_legacy_param_mapper_class":"PrestaShop\\PrestaShop\\Adapter\\Product\\AdminProductDataProvider","_legacy_param_mapper_method":"mapLegacyParametersProductForm","id":"1","_route":"admin_product_form"},"request_uri":"http://127.0.0.1/prestashop/admin990d5icld/index.php/sell/catalog/products/1?_token=SUZoY_2ZTFY-KxskUQdx47lDARroyt8Q5HLb9fHrw70","method":"GET"} []
[2022-11-22 11:53:11] security.DEBUG: Read existing security token from the session. {"key":"_security_main","token_class":"Symfony\\Component\\Security\\Core\\Authentication\\Token\\UsernamePasswordToken"} []
[2022-11-22 11:53:11] security.DEBUG: User was reloaded from a user provider. {"provider":"PrestaShopBundle\\Security\\Admin\\EmployeeProvider","username":"ltairxaltezi@gmail.com"} []
[2022-11-22 11:53:11] app.ERROR: Data from PrestaShop Addons is invalid, and cannot fallback on cache. [] []
[2022-11-22 11:53:11] security.DEBUG: Stored the security token in the session. {"key":"_security_main"} []
[2022-11-22 11:56:50] request.INFO: Matched route "admin_product_form". {"route":"admin_product_form","route_parameters":{"_controller":"PrestaShopBundle\\Controller\\Admin\\ProductController::formAction","_legacy_controller":"AdminProducts","_legacy_param_mapper_class":"PrestaShop\\PrestaShop\\Adapter\\Product\\AdminProductDataProvider","_legacy_param_mapper_method":"mapLegacyParametersProductForm","id":"2","_route":"admin_product_form"},"request_uri":"http://127.0.0.1/prestashop/admin990d5icld/index.php/sell/catalog/products/2?_token=SUZoY_2ZTFY-KxskUQdx47lDARroyt8Q5HLb9fHrw70","method":"GET"} []
[2022-11-22 11:56:50] security.DEBUG: Read existing security token from the session. {"key":"_security_main","token_class":"Symfony\\Component\\Security\\Core\\Authentication\\Token\\UsernamePasswordToken"} []
[2022-11-22 11:56:50] security.DEBUG: User was reloaded from a user provider. {"provider":"PrestaShopBundle\\Security\\Admin\\EmployeeProvider","username":"ltairxaltezi@gmail.com"} []
[2022-11-22 11:56:50] app.ERROR: Data from PrestaShop Addons is invalid, and cannot fallback on cache. [] []
[2022-11-22 11:56:50] security.DEBUG: Stored the security token in the session. {"key":"_security_main"} []
[2022-11-22 11:59:26] request.INFO: Matched route "admin_module_manage". {"route":"admin_module_manage","route_parameters":{"category":null,"keyword":null,"_controller":"PrestaShopBundle\\Controller\\Admin\\Improve\\ModuleController::manageAction","_legacy_controller":"AdminModulesManage","_legacy_link":["AdminModulesManage","AdminModulesSf"],"_route":"admin_module_manage"},"request_uri":"http://127.0.0.1/prestashop/admin990d5icld/index.php/improve/modules/manage?_token=SUZoY_2ZTFY-KxskUQdx47lDARroyt8Q5HLb9fHrw70","method":"GET"} []
[2022-11-22 11:59:26] security.DEBUG: Read existing security token from the session. {"key":"_security_main","token_class":"Symfony\\Component\\Security\\Core\\Authentication\\Token\\UsernamePasswordToken"} []
[2022-11-22 11:59:26] security.DEBUG: User was reloaded from a user provider. {"provider":"PrestaShopBundle\\Security\\Admin\\EmployeeProvider","username":"ltairxaltezi@gmail.com"} []
[2022-11-22 11:59:26] app.ERROR: Data from PrestaShop Addons is invalid, and cannot fallback on cache. [] []
[2022-11-22 11:59:26] security.DEBUG: Stored the security token in the session. {"key":"_security_main"} []
[2022-11-22 11:59:26] request.INFO: Matched route "admin_module_notification_count". {"route":"admin_module_notification_count","route_parameters":{"_controller":"PrestaShopBundle\\Controller\\Admin\\Improve\\Modules\\AlertsController::notificationsCountAction","_legacy_controller":"AdminModulesNotifications","_legacy_link":"AdminModulesNotifications:count","_route":"admin_module_notification_count"},"request_uri":"http://127.0.0.1/prestashop/admin990d5icld/index.php/improve/modules/alerts/count?_token=SUZoY_2ZTFY-KxskUQdx47lDARroyt8Q5HLb9fHrw70","method":"GET"} []
[2022-11-22 11:59:26] security.DEBUG: Read existing security token from the session. {"key":"_security_main","token_class":"Symfony\\Component\\Security\\Core\\Authentication\\Token\\UsernamePasswordToken"} []
[2022-11-22 11:59:26] security.DEBUG: User was reloaded from a user provider. {"provider":"PrestaShopBundle\\Security\\Admin\\EmployeeProvider","username":"ltairxaltezi@gmail.com"} []
[2022-11-22 11:59:26] app.ERROR: Data from PrestaShop Addons is invalid, and cannot fallback on cache. [] []
[2022-11-22 11:59:26] security.DEBUG: Stored the security token in the session. {"key":"_security_main"} []
[2022-11-22 12:14:32] request.INFO: Matched route "admin_module_manage". {"route":"admin_module_manage","route_parameters":{"category":null,"keyword":null,"_controller":"PrestaShopBundle\\Controller\\Admin\\Improve\\ModuleController::manageAction","_legacy_controller":"AdminModulesManage","_legacy_link":["AdminModulesManage","AdminModulesSf"],"_route":"admin_module_manage"},"request_uri":"http://127.0.0.1/prestashop/admin990d5icld/index.php/improve/modules/manage?_token=SUZoY_2ZTFY-KxskUQdx47lDARroyt8Q5HLb9fHrw70","method":"GET"} []
[2022-11-22 12:14:32] security.DEBUG: Read existing security token from the session. {"key":"_security_main","token_class":"Symfony\\Component\\Security\\Core\\Authentication\\Token\\UsernamePasswordToken"} []
[2022-11-22 12:14:32] security.DEBUG: User was reloaded from a user provider. {"provider":"PrestaShopBundle\\Security\\Admin\\EmployeeProvider","username":"ltairxaltezi@gmail.com"} []
[2022-11-22 12:14:32] app.ERROR: Data from PrestaShop Addons is invalid, and cannot fallback on cache. [] []
[2022-11-22 12:14:32] security.DEBUG: Stored the security token in the session. {"key":"_security_main"} []
[2022-11-22 12:14:32] request.INFO: Matched route "admin_module_notification_count". {"route":"admin_module_notification_count","route_parameters":{"_controller":"PrestaShopBundle\\Controller\\Admin\\Improve\\Modules\\AlertsController::notificationsCountAction","_legacy_controller":"AdminModulesNotifications","_legacy_link":"AdminModulesNotifications:count","_route":"admin_module_notification_count"},"request_uri":"http://127.0.0.1/prestashop/admin990d5icld/index.php/improve/modules/alerts/count?_token=SUZoY_2ZTFY-KxskUQdx47lDARroyt8Q5HLb9fHrw70","method":"GET"} []
[2022-11-22 12:14:32] security.DEBUG: Read existing security token from the session. {"key":"_security_main","token_class":"Symfony\\Component\\Security\\Core\\Authentication\\Token\\UsernamePasswordToken"} []
[2022-11-22 12:14:32] security.DEBUG: User was reloaded from a user provider. {"provider":"PrestaShopBundle\\Security\\Admin\\EmployeeProvider","username":"ltairxaltezi@gmail.com"} []
[2022-11-22 12:14:32] app.ERROR: Data from PrestaShop Addons is invalid, and cannot fallback on cache. [] []
[2022-11-22 12:14:32] security.DEBUG: Stored the security token in the session. {"key":"_security_main"} []
[2022-11-22 12:26:02] request.INFO: Matched route "admin_product_form". {"route":"admin_product_form","route_parameters":{"_controller":"PrestaShopBundle\\Controller\\Admin\\ProductController::formAction","_legacy_controller":"AdminProducts","_legacy_param_mapper_class":"PrestaShop\\PrestaShop\\Adapter\\Product\\AdminProductDataProvider","_legacy_param_mapper_method":"mapLegacyParametersProductForm","id":"1","_route":"admin_product_form"},"request_uri":"http://127.0.0.1/prestashop/admin990d5icld/index.php/sell/catalog/products/1?_token=SUZoY_2ZTFY-KxskUQdx47lDARroyt8Q5HLb9fHrw70","method":"GET"} []
[2022-11-22 12:26:02] security.DEBUG: Read existing security token from the session. {"key":"_security_main","token_class":"Symfony\\Component\\Security\\Core\\Authentication\\Token\\UsernamePasswordToken"} []
[2022-11-22 12:26:02] security.DEBUG: User was reloaded from a user provider. {"provider":"PrestaShopBundle\\Security\\Admin\\EmployeeProvider","username":"ltairxaltezi@gmail.com"} []
[2022-11-22 12:26:02] app.ERROR: Data from PrestaShop Addons is invalid, and cannot fallback on cache. [] []
[2022-11-22 12:26:02] security.DEBUG: Stored the security token in the session. {"key":"_security_main"} []
[2022-11-22 13:10:01] request.INFO: Matched route "api_translation_value_edit". {"route":"api_translation_value_edit","route_parameters":{"_controller":"prestashop.core.api.translation.controller:translationEditAction","_legacy_controller":"AdminTranslations","_route":"api_translation_value_edit"},"request_uri":"http://127.0.0.1/prestashop/admin990d5icld/index.php/api/translations/edit?_token=SUZoY_2ZTFY-KxskUQdx47lDARroyt8Q5HLb9fHrw70","method":"POST"} []
[2022-11-22 13:10:01] security.DEBUG: Read existing security token from the session. {"key":"_security_main","token_class":"Symfony\\Component\\Security\\Core\\Authentication\\Token\\UsernamePasswordToken"} []
[2022-11-22 13:10:01] security.DEBUG: User was reloaded from a user provider. {"provider":"PrestaShopBundle\\Security\\Admin\\EmployeeProvider","username":"ltairxaltezi@gmail.com"} []
[2022-11-22 13:10:01] app.ERROR: No result was found for query although at least one row was expected. {"object_type":"Translation"} []
[2022-11-22 13:10:01] app.ERROR: No result was found for query although at least one row was expected. {"object_type":"Translation"} []
[2022-11-22 13:10:01] app.ERROR: You must specify as many arguments (%d, %s ...) as the original string. {"object_type":"Translation"} []
[2022-11-22 13:10:01] app.ERROR: No result was found for query although at least one row was expected. {"object_type":"Translation"} []
[2022-11-22 13:10:01] app.ERROR: No result was found for query although at least one row was expected. {"object_type":"Translation"} []
[2022-11-22 13:10:01] cache.WARNING: Failed to clear the cache {"exception":"[object] (UnexpectedValueException(code: 0): RecursiveDirectoryIterator::__construct(/var/www/html/prestashop/var/cache/prod/pools/G-oa8hrI-D/): failed to open dir: No such file or directory at /var/www/html/prestashop/vendor/symfony/symfony/src/Symfony/Component/Cache/Traits/FilesystemCommonTrait.php:58)"} []
[2022-11-22 13:10:01] cache.WARNING: Failed to clear the cache {"exception":"[object] (UnexpectedValueException(code: 0): RecursiveDirectoryIterator::__construct(/var/www/html/prestashop/var/cache/prod/pools/Sza1mveLJl/): failed to open dir: No such file or directory at /var/www/html/prestashop/vendor/symfony/symfony/src/Symfony/Component/Cache/Traits/FilesystemCommonTrait.php:58)"} []
[2022-11-22 13:10:01] cache.WARNING: Failed to clear the cache {"exception":"[object] (UnexpectedValueException(code: 0): RecursiveDirectoryIterator::__construct(/var/www/html/prestashop/var/cache/prod/pools/MmFyWV7KV5/): failed to open dir: No such file or directory at /var/www/html/prestashop/vendor/symfony/symfony/src/Symfony/Component/Cache/Traits/FilesystemCommonTrait.php:58)"} []
[2022-11-22 13:10:01] cache.WARNING: Failed to clear the cache {"exception":"[object] (UnexpectedValueException(code: 0): RecursiveDirectoryIterator::__construct(/var/www/html/prestashop/var/cache/prod/pools/6q8LxLLhKg/): failed to open dir: No such file or directory at /var/www/html/prestashop/vendor/symfony/symfony/src/Symfony/Component/Cache/Traits/FilesystemCommonTrait.php:58)"} []
[2022-11-22 13:10:01] security.DEBUG: Stored the security token in the session. {"key":"_security_main"} []
[2022-11-22 13:11:10] request.INFO: Matched route "api_translation_value_edit". {"route":"api_translation_value_edit","route_parameters":{"_controller":"prestashop.core.api.translation.controller:translationEditAction","_legacy_controller":"AdminTranslations","_route":"api_translation_value_edit"},"request_uri":"http://127.0.0.1/prestashop/admin990d5icld/index.php/api/translations/edit?_token=SUZoY_2ZTFY-KxskUQdx47lDARroyt8Q5HLb9fHrw70","method":"POST"} []
[2022-11-22 13:11:10] security.DEBUG: Read existing security token from the session. {"key":"_security_main","token_class":"Symfony\\Component\\Security\\Core\\Authentication\\Token\\UsernamePasswordToken"} []
[2022-11-22 13:11:10] security.DEBUG: User was reloaded from a user provider. {"provider":"PrestaShopBundle\\Security\\Admin\\EmployeeProvider","username":"ltairxaltezi@gmail.com"} []
[2022-11-22 13:11:11] app.ERROR: No result was found for query although at least one row was expected. {"object_type":"Translation"} []
[2022-11-22 13:11:11] cache.WARNING: Failed to clear the cache {"exception":"[object] (UnexpectedValueException(code: 0): RecursiveDirectoryIterator::__construct(/var/www/html/prestashop/var/cache/prod/pools/G-oa8hrI-D/): failed to open dir: No such file or directory at /var/www/html/prestashop/vendor/symfony/symfony/src/Symfony/Component/Cache/Traits/FilesystemCommonTrait.php:58)"} []
[2022-11-22 13:11:11] cache.WARNING: Failed to clear the cache {"exception":"[object] (UnexpectedValueException(code: 0): RecursiveDirectoryIterator::__construct(/var/www/html/prestashop/var/cache/prod/pools/Sza1mveLJl/): failed to open dir: No such file or directory at /var/www/html/prestashop/vendor/symfony/symfony/src/Symfony/Component/Cache/Traits/FilesystemCommonTrait.php:58)"} []
[2022-11-22 13:11:11] cache.WARNING: Failed to clear the cache {"exception":"[object] (UnexpectedValueException(code: 0): RecursiveDirectoryIterator::__construct(/var/www/html/prestashop/var/cache/prod/pools/MmFyWV7KV5/): failed to open dir: No such file or directory at /var/www/html/prestashop/vendor/symfony/symfony/src/Symfony/Component/Cache/Traits/FilesystemCommonTrait.php:58)"} []
[2022-11-22 13:11:11] cache.WARNING: Failed to clear the cache {"exception":"[object] (UnexpectedValueException(code: 0): RecursiveDirectoryIterator::__construct(/var/www/html/prestashop/var/cache/prod/pools/6q8LxLLhKg/): failed to open dir: No such file or directory at /var/www/html/prestashop/vendor/symfony/symfony/src/Symfony/Component/Cache/Traits/FilesystemCommonTrait.php:58)"} []
[2022-11-22 13:11:11] security.DEBUG: Stored the security token in the session. {"key":"_security_main"} []
[2022-11-22 13:11:44] request.INFO: Matched route "admin_international_translations_show_settings". {"route":"admin_international_translations_show_settings","route_parameters":{"_controller":"PrestaShopBundle\\Controller\\Admin\\TranslationsController::showSettingsAction","_legacy_controller":"AdminTranslations","_legacy_link":"AdminTranslations:settings","_route":"admin_international_translations_show_settings"},"request_uri":"http://127.0.0.1/prestashop/admin990d5icld/index.php/improve/international/translations/settings?_token=SUZoY_2ZTFY-KxskUQdx47lDARroyt8Q5HLb9fHrw70","method":"GET"} []
[2022-11-22 13:11:44] security.DEBUG: Read existing security token from the session. {"key":"_security_main","token_class":"Symfony\\Component\\Security\\Core\\Authentication\\Token\\UsernamePasswordToken"} []
[2022-11-22 13:11:44] security.DEBUG: User was reloaded from a user provider. {"provider":"PrestaShopBundle\\Security\\Admin\\EmployeeProvider","username":"ltairxaltezi@gmail.com"} []
[2022-11-22 13:11:49] app.ERROR: Data from PrestaShop Addons is invalid, and cannot fallback on cache. [] []
[2022-11-22 13:11:50] security.DEBUG: Stored the security token in the session. {"key":"_security_main"} []
[2022-12-06 13:07:19] request.INFO: Matched route "admin_import". {"route":"admin_import","route_parameters":{"_controller":"PrestaShopBundle\\Controller\\Admin\\Configure\\AdvancedParameters\\ImportController::importAction","_legacy_controller":"AdminImport","_legacy_link":"AdminImport","_route":"admin_import"},"request_uri":"http://127.0.0.1/prestashop/admin990d5icld/index.php/configure/advanced/import/?_token=TVIQTRM4--x9VLqiJwloN9RKle36gosA7HZGpoifBKI&token=668838c7f147533ecbd56844a4fc8e0c","method":"GET"} []
[2022-12-06 13:07:19] security.DEBUG: Read existing security token from the session. {"key":"_security_main","token_class":"Symfony\\Component\\Security\\Core\\Authentication\\Token\\UsernamePasswordToken"} []
[2022-12-06 13:07:19] security.DEBUG: User was reloaded from a user provider. {"provider":"PrestaShopBundle\\Security\\Admin\\EmployeeProvider","username":"prestanabe@gmail.com"} []
[2022-12-06 13:07:19] request.CRITICAL: Uncaught PHP Exception Twig\Error\RuntimeError: "An exception has been thrown during the rendering of a template ("Unable to write in the cache directory (/var/www/html/prestashop/var/cache/prod/twig/7a).")." at /var/www/html/prestashop/src/PrestaShopBundle/Resources/views/Admin/layout.html.twig line 37 {"exception":"[object] (Twig\\Error\\RuntimeError(code: 0): An exception has been thrown during the rendering of a template (\"Unable to write in the cache directory (/var/www/html/prestashop/var/cache/prod/twig/7a).\"). at /var/www/html/prestashop/src/PrestaShopBundle/Resources/views/Admin/layout.html.twig:37, RuntimeException(code: 0): Unable to write in the cache directory (/var/www/html/prestashop/var/cache/prod/twig/7a). at /var/www/html/prestashop/vendor/twig/twig/src/Cache/FilesystemCache.php:61)"} []
[2022-12-06 13:07:19] request.CRITICAL: Exception thrown when handling an exception (RuntimeException: Unable to write in the cache directory (/var/www/html/prestashop/var/cache/prod/twig/d6). at /var/www/html/prestashop/vendor/twig/twig/src/Cache/FilesystemCache.php line 61) {"exception":"[object] (RuntimeException(code: 0): Unable to write in the cache directory (/var/www/html/prestashop/var/cache/prod/twig/d6). at /var/www/html/prestashop/vendor/twig/twig/src/Cache/FilesystemCache.php:61)"} []
[2022-12-06 13:07:39] request.INFO: Matched route "admin_mbo_catalog_theme". {"route":"admin_mbo_catalog_theme","route_parameters":{"_controller":"mbo.controller.themes.catalog:indexAction","_legacy_controller":"AdminPsMboTheme","_legacy_link":"AdminPsMboTheme","_route":"admin_mbo_catalog_theme"},"request_uri":"http://127.0.0.1/prestashop/admin990d5icld/index.php/modules/addons/themes/catalog?_token=TVIQTRM4--x9VLqiJwloN9RKle36gosA7HZGpoifBKI","method":"GET"} []
[2022-12-06 13:07:39] security.DEBUG: Read existing security token from the session. {"key":"_security_main","token_class":"Symfony\\Component\\Security\\Core\\Authentication\\Token\\UsernamePasswordToken"} []
[2022-12-06 13:07:39] security.DEBUG: User was reloaded from a user provider. {"provider":"PrestaShopBundle\\Security\\Admin\\EmployeeProvider","username":"prestanabe@gmail.com"} []
[2022-12-06 13:07:40] request.CRITICAL: Uncaught PHP Exception RuntimeException: "Unable to write in the cache directory (/var/www/html/prestashop/var/cache/prod/twig/bc)." at /var/www/html/prestashop/vendor/twig/twig/src/Cache/FilesystemCache.php line 61 {"exception":"[object] (RuntimeException(code: 0): Unable to write in the cache directory (/var/www/html/prestashop/var/cache/prod/twig/bc). at /var/www/html/prestashop/vendor/twig/twig/src/Cache/FilesystemCache.php:61)"} []
[2022-12-06 13:07:40] request.CRITICAL: Exception thrown when handling an exception (RuntimeException: Unable to write in the cache directory (/var/www/html/prestashop/var/cache/prod/twig/d6). at /var/www/html/prestashop/vendor/twig/twig/src/Cache/FilesystemCache.php line 61) {"exception":"[object] (RuntimeException(code: 0): Unable to write in the cache directory (/var/www/html/prestashop/var/cache/prod/twig/d6). at /var/www/html/prestashop/vendor/twig/twig/src/Cache/FilesystemCache.php:61)"} []
[2022-12-06 13:07:45] request.INFO: Matched route "admin_mbo_catalog_theme". {"route":"admin_mbo_catalog_theme","route_parameters":{"_controller":"mbo.controller.themes.catalog:indexAction","_legacy_controller":"AdminPsMboTheme","_legacy_link":"AdminPsMboTheme","_route":"admin_mbo_catalog_theme"},"request_uri":"http://127.0.0.1/prestashop/admin990d5icld/index.php/modules/addons/themes/catalog?_token=TVIQTRM4--x9VLqiJwloN9RKle36gosA7HZGpoifBKI","method":"GET"} []
[2022-12-06 13:07:45] security.DEBUG: Read existing security token from the session. {"key":"_security_main","token_class":"Symfony\\Component\\Security\\Core\\Authentication\\Token\\UsernamePasswordToken"} []
[2022-12-06 13:07:45] security.DEBUG: User was reloaded from a user provider. {"provider":"PrestaShopBundle\\Security\\Admin\\EmployeeProvider","username":"prestanabe@gmail.com"} []
[2022-12-06 13:07:46] request.CRITICAL: Uncaught PHP Exception RuntimeException: "Unable to write in the cache directory (/var/www/html/prestashop/var/cache/prod/twig/bc)." at /var/www/html/prestashop/vendor/twig/twig/src/Cache/FilesystemCache.php line 61 {"exception":"[object] (RuntimeException(code: 0): Unable to write in the cache directory (/var/www/html/prestashop/var/cache/prod/twig/bc). at /var/www/html/prestashop/vendor/twig/twig/src/Cache/FilesystemCache.php:61)"} []
[2022-12-06 13:07:46] request.CRITICAL: Exception thrown when handling an exception (RuntimeException: Unable to write in the cache directory (/var/www/html/prestashop/var/cache/prod/twig/d6). at /var/www/html/prestashop/vendor/twig/twig/src/Cache/FilesystemCache.php line 61) {"exception":"[object] (RuntimeException(code: 0): Unable to write in the cache directory (/var/www/html/prestashop/var/cache/prod/twig/d6). at /var/www/html/prestashop/vendor/twig/twig/src/Cache/FilesystemCache.php:61)"} []
[2022-12-06 13:07:56] request.INFO: Matched route "admin_mbo_catalog_theme". {"route":"admin_mbo_catalog_theme","route_parameters":{"_controller":"mbo.controller.themes.catalog:indexAction","_legacy_controller":"AdminPsMboTheme","_legacy_link":"AdminPsMboTheme","_route":"admin_mbo_catalog_theme"},"request_uri":"http://127.0.0.1/prestashop/admin990d5icld/index.php/modules/addons/themes/catalog?_token=TVIQTRM4--x9VLqiJwloN9RKle36gosA7HZGpoifBKI","method":"GET"} []
[2022-12-06 13:07:56] security.DEBUG: Read existing security token from the session. {"key":"_security_main","token_class":"Symfony\\Component\\Security\\Core\\Authentication\\Token\\UsernamePasswordToken"} []
[2022-12-06 13:07:56] security.DEBUG: User was reloaded from a user provider. {"provider":"PrestaShopBundle\\Security\\Admin\\EmployeeProvider","username":"prestanabe@gmail.com"} []
[2022-12-06 13:07:57] request.CRITICAL: Uncaught PHP Exception RuntimeException: "Unable to write in the cache directory (/var/www/html/prestashop/var/cache/prod/twig/bc)." at /var/www/html/prestashop/vendor/twig/twig/src/Cache/FilesystemCache.php line 61 {"exception":"[object] (RuntimeException(code: 0): Unable to write in the cache directory (/var/www/html/prestashop/var/cache/prod/twig/bc). at /var/www/html/prestashop/vendor/twig/twig/src/Cache/FilesystemCache.php:61)"} []
[2022-12-06 13:07:57] request.CRITICAL: Exception thrown when handling an exception (RuntimeException: Unable to write in the cache directory (/var/www/html/prestashop/var/cache/prod/twig/d6). at /var/www/html/prestashop/vendor/twig/twig/src/Cache/FilesystemCache.php line 61) {"exception":"[object] (RuntimeException(code: 0): Unable to write in the cache directory (/var/www/html/prestashop/var/cache/prod/twig/d6). at /var/www/html/prestashop/vendor/twig/twig/src/Cache/FilesystemCache.php:61)"} []
[2022-12-06 13:08:10] request.INFO: Matched route "admin_themes_index". {"route":"admin_themes_index","route_parameters":{"_controller":"PrestaShopBundle\\Controller\\Admin\\Improve\\Design\\ThemeController::indexAction","_legacy_controller":"AdminThemes","_legacy_link":"AdminThemes","_route":"admin_themes_index"},"request_uri":"http://127.0.0.1/prestashop/admin990d5icld/index.php/improve/design/themes/?_token=TVIQTRM4--x9VLqiJwloN9RKle36gosA7HZGpoifBKI","method":"GET"} []
[2022-12-06 13:08:10] security.DEBUG: Read existing security token from the session. {"key":"_security_main","token_class":"Symfony\\Component\\Security\\Core\\Authentication\\Token\\UsernamePasswordToken"} []
[2022-12-06 13:08:10] security.DEBUG: User was reloaded from a user provider. {"provider":"PrestaShopBundle\\Security\\Admin\\EmployeeProvider","username":"prestanabe@gmail.com"} []
[2022-12-06 13:08:10] request.CRITICAL: Uncaught PHP Exception Twig\Error\RuntimeError: "An exception has been thrown during the rendering of a template ("Unable to write in the cache directory (/var/www/html/prestashop/var/cache/prod/twig/74).")." at /var/www/html/prestashop/src/PrestaShopBundle/Resources/views/Admin/Improve/Design/Theme/index.html.twig line 142 {"exception":"[object] (Twig\\Error\\RuntimeError(code: 0): An exception has been thrown during the rendering of a template (\"Unable to write in the cache directory (/var/www/html/prestashop/var/cache/prod/twig/74).\"). at /var/www/html/prestashop/src/PrestaShopBundle/Resources/views/Admin/Improve/Design/Theme/index.html.twig:142, RuntimeException(code: 0): Unable to write in the cache directory (/var/www/html/prestashop/var/cache/prod/twig/74). at /var/www/html/prestashop/vendor/twig/twig/src/Cache/FilesystemCache.php:61)"} []
[2022-12-06 13:08:10] request.CRITICAL: Exception thrown when handling an exception (RuntimeException: Unable to write in the cache directory (/var/www/html/prestashop/var/cache/prod/twig/d6). at /var/www/html/prestashop/vendor/twig/twig/src/Cache/FilesystemCache.php line 61) {"exception":"[object] (RuntimeException(code: 0): Unable to write in the cache directory (/var/www/html/prestashop/var/cache/prod/twig/d6). at /var/www/html/prestashop/vendor/twig/twig/src/Cache/FilesystemCache.php:61)"} []
[2022-12-06 13:08:55] request.INFO: Matched route "admin_themes_index". {"route":"admin_themes_index","route_parameters":{"_controller":"PrestaShopBundle\\Controller\\Admin\\Improve\\Design\\ThemeController::indexAction","_legacy_controller":"AdminThemes","_legacy_link":"AdminThemes","_route":"admin_themes_index"},"request_uri":"http://127.0.0.1/prestashop/admin990d5icld/index.php/improve/design/themes/?_token=TVIQTRM4--x9VLqiJwloN9RKle36gosA7HZGpoifBKI","method":"GET"} []
[2022-12-06 13:08:55] security.DEBUG: Read existing security token from the session. {"key":"_security_main","token_class":"Symfony\\Component\\Security\\Core\\Authentication\\Token\\UsernamePasswordToken"} []
[2022-12-06 13:08:55] security.DEBUG: User was reloaded from a user provider. {"provider":"PrestaShopBundle\\Security\\Admin\\EmployeeProvider","username":"prestanabe@gmail.com"} []
[2022-12-06 13:08:56] request.CRITICAL: Uncaught PHP Exception Twig\Error\RuntimeError: "An exception has been thrown during the rendering of a template ("Unable to write in the cache directory (/var/www/html/prestashop/var/cache/prod/twig/74).")." at /var/www/html/prestashop/src/PrestaShopBundle/Resources/views/Admin/Improve/Design/Theme/index.html.twig line 142 {"exception":"[object] (Twig\\Error\\RuntimeError(code: 0): An exception has been thrown during the rendering of a template (\"Unable to write in the cache directory (/var/www/html/prestashop/var/cache/prod/twig/74).\"). at /var/www/html/prestashop/src/PrestaShopBundle/Resources/views/Admin/Improve/Design/Theme/index.html.twig:142, RuntimeException(code: 0): Unable to write in the cache directory (/var/www/html/prestashop/var/cache/prod/twig/74). at /var/www/html/prestashop/vendor/twig/twig/src/Cache/FilesystemCache.php:61)"} []
[2022-12-06 13:08:56] request.CRITICAL: Exception thrown when handling an exception (RuntimeException: Unable to write in the cache directory (/var/www/html/prestashop/var/cache/prod/twig/d6). at /var/www/html/prestashop/vendor/twig/twig/src/Cache/FilesystemCache.php line 61) {"exception":"[object] (RuntimeException(code: 0): Unable to write in the cache directory (/var/www/html/prestashop/var/cache/prod/twig/d6). at /var/www/html/prestashop/vendor/twig/twig/src/Cache/FilesystemCache.php:61)"} []
[2022-12-06 13:09:31] request.INFO: Matched route "admin_import". {"route":"admin_import","route_parameters":{"_controller":"PrestaShopBundle\\Controller\\Admin\\Configure\\AdvancedParameters\\ImportController::importAction","_legacy_controller":"AdminImport","_legacy_link":"AdminImport","_route":"admin_import"},"request_uri":"http://127.0.0.1/prestashop/admin990d5icld/index.php/configure/advanced/import/?_token=TVIQTRM4--x9VLqiJwloN9RKle36gosA7HZGpoifBKI&token=668838c7f147533ecbd56844a4fc8e0c","method":"GET"} []
[2022-12-06 13:09:31] security.DEBUG: Read existing security token from the session. {"key":"_security_main","token_class":"Symfony\\Component\\Security\\Core\\Authentication\\Token\\UsernamePasswordToken"} []
[2022-12-06 13:09:31] security.DEBUG: User was reloaded from a user provider. {"provider":"PrestaShopBundle\\Security\\Admin\\EmployeeProvider","username":"prestanabe@gmail.com"} []
[2022-12-06 13:09:32] request.CRITICAL: Uncaught PHP Exception Symfony\Component\Debug\Exception\FatalThrowableError: "Parse error: syntax error, unexpected '6' (T_LNUMBER)" at /var/www/html/prestashop/modules/ps_mbo/src/ExternalContentProvider/ExternalContentProvider.php line 33 {"exception":"[object] (Symfony\\Component\\Debug\\Exception\\FatalThrowableError(code: 0): Parse error: syntax error, unexpected '6' (T_LNUMBER) at /var/www/html/prestashop/modules/ps_mbo/src/ExternalContentProvider/ExternalContentProvider.php:33)"} []
[2022-12-06 13:09:32] request.CRITICAL: Exception thrown when handling an exception (RuntimeException: Unable to write in the cache directory (/var/www/html/prestashop/var/cache/prod/twig/d6). at /var/www/html/prestashop/vendor/twig/twig/src/Cache/FilesystemCache.php line 61) {"exception":"[object] (RuntimeException(code: 0): Unable to write in the cache directory (/var/www/html/prestashop/var/cache/prod/twig/d6). at /var/www/html/prestashop/vendor/twig/twig/src/Cache/FilesystemCache.php:61)"} []
[2022-12-06 13:09:36] request.INFO: Matched route "admin_import". {"route":"admin_import","route_parameters":{"_controller":"PrestaShopBundle\\Controller\\Admin\\Configure\\AdvancedParameters\\ImportController::importAction","_legacy_controller":"AdminImport","_legacy_link":"AdminImport","_route":"admin_import"},"request_uri":"http://127.0.0.1/prestashop/admin990d5icld/index.php/configure/advanced/import/?_token=TVIQTRM4--x9VLqiJwloN9RKle36gosA7HZGpoifBKI&token=668838c7f147533ecbd56844a4fc8e0c","method":"GET"} []
[2022-12-06 13:09:36] security.DEBUG: Read existing security token from the session. {"key":"_security_main","token_class":"Symfony\\Component\\Security\\Core\\Authentication\\Token\\UsernamePasswordToken"} []
[2022-12-06 13:09:36] security.DEBUG: User was reloaded from a user provider. {"provider":"PrestaShopBundle\\Security\\Admin\\EmployeeProvider","username":"prestanabe@gmail.com"} []
[2022-12-06 13:09:36] request.CRITICAL: Uncaught PHP Exception Symfony\Component\Debug\Exception\FatalThrowableError: "Parse error: syntax error, unexpected '6' (T_LNUMBER)" at /var/www/html/prestashop/modules/ps_mbo/src/ExternalContentProvider/ExternalContentProvider.php line 33 {"exception":"[object] (Symfony\\Component\\Debug\\Exception\\FatalThrowableError(code: 0): Parse error: syntax error, unexpected '6' (T_LNUMBER) at /var/www/html/prestashop/modules/ps_mbo/src/ExternalContentProvider/ExternalContentProvider.php:33)"} []
[2022-12-06 13:09:36] request.CRITICAL: Exception thrown when handling an exception (RuntimeException: Unable to write in the cache directory (/var/www/html/prestashop/var/cache/prod/twig/d6). at /var/www/html/prestashop/vendor/twig/twig/src/Cache/FilesystemCache.php line 61) {"exception":"[object] (RuntimeException(code: 0): Unable to write in the cache directory (/var/www/html/prestashop/var/cache/prod/twig/d6). at /var/www/html/prestashop/vendor/twig/twig/src/Cache/FilesystemCache.php:61)"} []
[2022-12-06 13:10:45] request.CRITICAL: Uncaught PHP Exception Symfony\Component\Debug\Exception\FatalThrowableError: "Parse error: syntax error, unexpected '6' (T_LNUMBER)" at /var/www/html/prestashop/modules/ps_mbo/src/ExternalContentProvider/ExternalContentProvider.php line 33 {"exception":"[object] (Symfony\\Component\\Debug\\Exception\\FatalThrowableError(code: 0): Parse error: syntax error, unexpected '6' (T_LNUMBER) at /var/www/html/prestashop/modules/ps_mbo/src/ExternalContentProvider/ExternalContentProvider.php:33)"} []
[2022-12-06 13:10:45] request.CRITICAL: Exception thrown when handling an exception (RuntimeException: Unable to write in the cache directory (/var/www/html/prestashop/var/cache/prod/twig/d6). at /var/www/html/prestashop/vendor/twig/twig/src/Cache/FilesystemCache.php line 61) {"exception":"[object] (RuntimeException(code: 0): Unable to write in the cache directory (/var/www/html/prestashop/var/cache/prod/twig/d6). at /var/www/html/prestashop/vendor/twig/twig/src/Cache/FilesystemCache.php:61)"} []
[2022-12-06 13:26:40] request.INFO: Matched route "admin_product_form". {"route":"admin_product_form","route_parameters":{"_controller":"PrestaShopBundle\\Controller\\Admin\\ProductController::formAction","_legacy_controller":"AdminProducts","_legacy_param_mapper_class":"PrestaShop\\PrestaShop\\Adapter\\Product\\AdminProductDataProvider","_legacy_param_mapper_method":"mapLegacyParametersProductForm","id":"1","_route":"admin_product_form"},"request_uri":"http://127.0.0.1/prestashop/admin990d5icld/index.php/sell/catalog/products/1?_token=TVIQTRM4--x9VLqiJwloN9RKle36gosA7HZGpoifBKI","method":"GET"} []
[2022-12-06 13:26:40] security.DEBUG: Read existing security token from the session. {"key":"_security_main","token_class":"Symfony\\Component\\Security\\Core\\Authentication\\Token\\UsernamePasswordToken"} []
[2022-12-06 13:26:40] security.DEBUG: User was reloaded from a user provider. {"provider":"PrestaShopBundle\\Security\\Admin\\EmployeeProvider","username":"prestanabe@gmail.com"} []
[2022-12-06 13:26:40] cache.WARNING: Failed to save key "%5BPrestaShopBundle%5CController%5CAdmin%5CProductController%23formAction%5D%5B1%5D" (array) {"key":"%5BPrestaShopBundle%5CController%5CAdmin%5CProductController%23formAction%5D%5B1%5D","type":"array","exception":"[object] (ErrorException(code: 0): rename(/var/www/html/prestashop/var/cache/prod/pools/6q8LxLLhKg/638f35009c6177.29085087,/var/www/html/prestashop/var/cache/prod/pools/6q8LxLLhKg/N/T/7Ir3D0G-8U7OfpGQKr-r): Permission denied at /var/www/html/prestashop/vendor/symfony/symfony/src/Symfony/Component/Cache/Traits/FilesystemCommonTrait.php:93)"} []
[2022-12-06 13:26:41] request.CRITICAL: Uncaught PHP Exception Twig\Error\RuntimeError: "An exception has been thrown during the rendering of a template ("Unable to write in the cache directory (/var/www/html/prestashop/var/cache/prod/twig/53).")." at /var/www/html/prestashop/src/PrestaShopBundle/Resources/views/Admin/layout.html.twig line 37 {"exception":"[object] (Twig\\Error\\RuntimeError(code: 0): An exception has been thrown during the rendering of a template (\"Unable to write in the cache directory (/var/www/html/prestashop/var/cache/prod/twig/53).\"). at /var/www/html/prestashop/src/PrestaShopBundle/Resources/views/Admin/layout.html.twig:37, RuntimeException(code: 0): Unable to write in the cache directory (/var/www/html/prestashop/var/cache/prod/twig/53). at /var/www/html/prestashop/vendor/twig/twig/src/Cache/FilesystemCache.php:61)"} []
[2022-12-06 13:26:41] request.CRITICAL: Exception thrown when handling an exception (RuntimeException: Unable to write in the cache directory (/var/www/html/prestashop/var/cache/prod/twig/d6). at /var/www/html/prestashop/vendor/twig/twig/src/Cache/FilesystemCache.php line 61) {"exception":"[object] (RuntimeException(code: 0): Unable to write in the cache directory (/var/www/html/prestashop/var/cache/prod/twig/d6). at /var/www/html/prestashop/vendor/twig/twig/src/Cache/FilesystemCache.php:61)"} []
